<?xml version="1.0" encoding="UTF-8"?>
<testsuite xmlns:xsi="http://www.w3.org/2001/XMLSchema-instance" xsi:noNamespaceSchemaLocation="https://maven.apache.org/surefire/maven-surefire-plugin/xsd/surefire-test-report.xsd" name="com.computer_db.runner.CukesRunner" time="152.546" tests="12" errors="0" skipped="0" failures="6">
  <properties>
    <property name="sun.desktop" value="windows"/>
    <property name="awt.toolkit" value="sun.awt.windows.WToolkit"/>
    <property name="file.encoding.pkg" value="sun.io"/>
    <property name="java.specification.version" value="1.8"/>
    <property name="sun.cpu.isalist" value="pentium_pro+mmx pentium_pro pentium+mmx pentium i486 i386 i86"/>
    <property name="sun.jnu.encoding" value="Cp1252"/>
    <property name="java.class.path" value="C:\Users\User\Desktop\ComputerDataBaseDemoProject\target\test-classes;C:\Users\User\Desktop\ComputerDataBaseDemoProject\target\classes;C:\Users\User\.m2\repository\org\seleniumhq\selenium\selenium-java\3.141.59\selenium-java-3.141.59.jar;C:\Users\User\.m2\repository\org\seleniumhq\selenium\selenium-api\3.141.59\selenium-api-3.141.59.jar;C:\Users\User\.m2\repository\org\seleniumhq\selenium\selenium-chrome-driver\3.141.59\selenium-chrome-driver-3.141.59.jar;C:\Users\User\.m2\repository\org\seleniumhq\selenium\selenium-edge-driver\3.141.59\selenium-edge-driver-3.141.59.jar;C:\Users\User\.m2\repository\org\seleniumhq\selenium\selenium-firefox-driver\3.141.59\selenium-firefox-driver-3.141.59.jar;C:\Users\User\.m2\repository\org\seleniumhq\selenium\selenium-ie-driver\3.141.59\selenium-ie-driver-3.141.59.jar;C:\Users\User\.m2\repository\org\seleniumhq\selenium\selenium-opera-driver\3.141.59\selenium-opera-driver-3.141.59.jar;C:\Users\User\.m2\repository\org\seleniumhq\selenium\selenium-remote-driver\3.141.59\selenium-remote-driver-3.141.59.jar;C:\Users\User\.m2\repository\org\seleniumhq\selenium\selenium-safari-driver\3.141.59\selenium-safari-driver-3.141.59.jar;C:\Users\User\.m2\repository\org\seleniumhq\selenium\selenium-support\3.141.59\selenium-support-3.141.59.jar;C:\Users\User\.m2\repository\net\bytebuddy\byte-buddy\1.8.15\byte-buddy-1.8.15.jar;C:\Users\User\.m2\repository\org\apache\commons\commons-exec\1.3\commons-exec-1.3.jar;C:\Users\User\.m2\repository\com\google\guava\guava\25.0-jre\guava-25.0-jre.jar;C:\Users\User\.m2\repository\com\google\code\findbugs\jsr305\1.3.9\jsr305-1.3.9.jar;C:\Users\User\.m2\repository\org\checkerframework\checker-compat-qual\2.0.0\checker-compat-qual-2.0.0.jar;C:\Users\User\.m2\repository\com\google\errorprone\error_prone_annotations\2.1.3\error_prone_annotations-2.1.3.jar;C:\Users\User\.m2\repository\com\google\j2objc\j2objc-annotations\1.1\j2objc-annotations-1.1.jar;C:\Users\User\.m2\repository\org\codehaus\mojo\animal-sniffer-annotations\1.14\animal-sniffer-annotations-1.14.jar;C:\Users\User\.m2\repository\com\squareup\okhttp3\okhttp\3.11.0\okhttp-3.11.0.jar;C:\Users\User\.m2\repository\com\squareup\okio\okio\1.14.0\okio-1.14.0.jar;C:\Users\User\.m2\repository\io\github\bonigarcia\webdrivermanager\4.0.0\webdrivermanager-4.0.0.jar;C:\Users\User\.m2\repository\org\slf4j\slf4j-api\1.7.30\slf4j-api-1.7.30.jar;C:\Users\User\.m2\repository\commons-io\commons-io\2.6\commons-io-2.6.jar;C:\Users\User\.m2\repository\com\google\code\gson\gson\2.8.6\gson-2.8.6.jar;C:\Users\User\.m2\repository\org\apache\commons\commons-lang3\3.10\commons-lang3-3.10.jar;C:\Users\User\.m2\repository\org\apache\httpcomponents\client5\httpclient5\5.0\httpclient5-5.0.jar;C:\Users\User\.m2\repository\org\apache\httpcomponents\core5\httpcore5\5.0\httpcore5-5.0.jar;C:\Users\User\.m2\repository\org\apache\httpcomponents\core5\httpcore5-h2\5.0\httpcore5-h2-5.0.jar;C:\Users\User\.m2\repository\commons-codec\commons-codec\1.13\commons-codec-1.13.jar;C:\Users\User\.m2\repository\org\rauschig\jarchivelib\1.0.0\jarchivelib-1.0.0.jar;C:\Users\User\.m2\repository\org\apache\commons\commons-compress\1.18\commons-compress-1.18.jar;C:\Users\User\.m2\repository\org\jsoup\jsoup\1.13.1\jsoup-1.13.1.jar;C:\Users\User\.m2\repository\io\cucumber\cucumber-java\6.6.0\cucumber-java-6.6.0.jar;C:\Users\User\.m2\repository\io\cucumber\cucumber-core\6.6.0\cucumber-core-6.6.0.jar;C:\Users\User\.m2\repository\io\cucumber\cucumber-gherkin\6.6.0\cucumber-gherkin-6.6.0.jar;C:\Users\User\.m2\repository\io\cucumber\cucumber-gherkin-messages\6.6.0\cucumber-gherkin-messages-6.6.0.jar;C:\Users\User\.m2\repository\io\cucumber\messages\13.0.1\messages-13.0.1.jar;C:\Users\User\.m2\repository\io\cucumber\tag-expressions\3.0.0\tag-expressions-3.0.0.jar;C:\Users\User\.m2\repository\io\cucumber\cucumber-expressions\10.3.0\cucumber-expressions-10.3.0.jar;C:\Users\User\.m2\repository\io\cucumber\datatable\3.4.0\datatable-3.4.0.jar;C:\Users\User\.m2\repository\io\cucumber\cucumber-plugin\6.6.0\cucumber-plugin-6.6.0.jar;C:\Users\User\.m2\repository\io\cucumber\docstring\6.6.0\docstring-6.6.0.jar;C:\Users\User\.m2\repository\io\cucumber\html-formatter\9.0.0\html-formatter-9.0.0.jar;C:\Users\User\.m2\repository\io\cucumber\create-meta\2.0.1\create-meta-2.0.1.jar;C:\Users\User\.m2\repository\org\apiguardian\apiguardian-api\1.1.0\apiguardian-api-1.1.0.jar;C:\Users\User\.m2\repository\io\cucumber\cucumber-junit\6.6.0\cucumber-junit-6.6.0.jar;C:\Users\User\.m2\repository\junit\junit\4.13\junit-4.13.jar;C:\Users\User\.m2\repository\org\hamcrest\hamcrest-core\1.3\hamcrest-core-1.3.jar;"/>
    <property name="java.vm.vendor" value="Oracle Corporation"/>
    <property name="sun.arch.data.model" value="32"/>
    <property name="user.variant" value=""/>
    <property name="java.vendor.url" value="http://java.oracle.com/"/>
    <property name="user.timezone" value="Europe/London"/>
    <property name="java.vm.specification.version" value="1.8"/>
    <property name="os.name" value="Windows 10"/>
    <property name="user.country" value="US"/>
    <property name="sun.java.launcher" value="SUN_STANDARD"/>
    <property name="sun.boot.library.path" value="C:\Program Files (x86)\Java\jdk1.8.0_211\jre\bin"/>
    <property name="sun.java.command" value="C:\Users\User\AppData\Local\Temp\surefire4038805914163073640\surefirebooter215693767589808673.jar C:\Users\User\AppData\Local\Temp\surefire4038805914163073640 2020-09-17T02-11-48_370-jvmRun1 surefire6045729194740255803tmp surefire_02038406624069404243tmp"/>
    <property name="surefire.test.class.path" value="C:\Users\User\Desktop\ComputerDataBaseDemoProject\target\test-classes;C:\Users\User\Desktop\ComputerDataBaseDemoProject\target\classes;C:\Users\User\.m2\repository\org\seleniumhq\selenium\selenium-java\3.141.59\selenium-java-3.141.59.jar;C:\Users\User\.m2\repository\org\seleniumhq\selenium\selenium-api\3.141.59\selenium-api-3.141.59.jar;C:\Users\User\.m2\repository\org\seleniumhq\selenium\selenium-chrome-driver\3.141.59\selenium-chrome-driver-3.141.59.jar;C:\Users\User\.m2\repository\org\seleniumhq\selenium\selenium-edge-driver\3.141.59\selenium-edge-driver-3.141.59.jar;C:\Users\User\.m2\repository\org\seleniumhq\selenium\selenium-firefox-driver\3.141.59\selenium-firefox-driver-3.141.59.jar;C:\Users\User\.m2\repository\org\seleniumhq\selenium\selenium-ie-driver\3.141.59\selenium-ie-driver-3.141.59.jar;C:\Users\User\.m2\repository\org\seleniumhq\selenium\selenium-opera-driver\3.141.59\selenium-opera-driver-3.141.59.jar;C:\Users\User\.m2\repository\org\seleniumhq\selenium\selenium-remote-driver\3.141.59\selenium-remote-driver-3.141.59.jar;C:\Users\User\.m2\repository\org\seleniumhq\selenium\selenium-safari-driver\3.141.59\selenium-safari-driver-3.141.59.jar;C:\Users\User\.m2\repository\org\seleniumhq\selenium\selenium-support\3.141.59\selenium-support-3.141.59.jar;C:\Users\User\.m2\repository\net\bytebuddy\byte-buddy\1.8.15\byte-buddy-1.8.15.jar;C:\Users\User\.m2\repository\org\apache\commons\commons-exec\1.3\commons-exec-1.3.jar;C:\Users\User\.m2\repository\com\google\guava\guava\25.0-jre\guava-25.0-jre.jar;C:\Users\User\.m2\repository\com\google\code\findbugs\jsr305\1.3.9\jsr305-1.3.9.jar;C:\Users\User\.m2\repository\org\checkerframework\checker-compat-qual\2.0.0\checker-compat-qual-2.0.0.jar;C:\Users\User\.m2\repository\com\google\errorprone\error_prone_annotations\2.1.3\error_prone_annotations-2.1.3.jar;C:\Users\User\.m2\repository\com\google\j2objc\j2objc-annotations\1.1\j2objc-annotations-1.1.jar;C:\Users\User\.m2\repository\org\codehaus\mojo\animal-sniffer-annotations\1.14\animal-sniffer-annotations-1.14.jar;C:\Users\User\.m2\repository\com\squareup\okhttp3\okhttp\3.11.0\okhttp-3.11.0.jar;C:\Users\User\.m2\repository\com\squareup\okio\okio\1.14.0\okio-1.14.0.jar;C:\Users\User\.m2\repository\io\github\bonigarcia\webdrivermanager\4.0.0\webdrivermanager-4.0.0.jar;C:\Users\User\.m2\repository\org\slf4j\slf4j-api\1.7.30\slf4j-api-1.7.30.jar;C:\Users\User\.m2\repository\commons-io\commons-io\2.6\commons-io-2.6.jar;C:\Users\User\.m2\repository\com\google\code\gson\gson\2.8.6\gson-2.8.6.jar;C:\Users\User\.m2\repository\org\apache\commons\commons-lang3\3.10\commons-lang3-3.10.jar;C:\Users\User\.m2\repository\org\apache\httpcomponents\client5\httpclient5\5.0\httpclient5-5.0.jar;C:\Users\User\.m2\repository\org\apache\httpcomponents\core5\httpcore5\5.0\httpcore5-5.0.jar;C:\Users\User\.m2\repository\org\apache\httpcomponents\core5\httpcore5-h2\5.0\httpcore5-h2-5.0.jar;C:\Users\User\.m2\repository\commons-codec\commons-codec\1.13\commons-codec-1.13.jar;C:\Users\User\.m2\repository\org\rauschig\jarchivelib\1.0.0\jarchivelib-1.0.0.jar;C:\Users\User\.m2\repository\org\apache\commons\commons-compress\1.18\commons-compress-1.18.jar;C:\Users\User\.m2\repository\org\jsoup\jsoup\1.13.1\jsoup-1.13.1.jar;C:\Users\User\.m2\repository\io\cucumber\cucumber-java\6.6.0\cucumber-java-6.6.0.jar;C:\Users\User\.m2\repository\io\cucumber\cucumber-core\6.6.0\cucumber-core-6.6.0.jar;C:\Users\User\.m2\repository\io\cucumber\cucumber-gherkin\6.6.0\cucumber-gherkin-6.6.0.jar;C:\Users\User\.m2\repository\io\cucumber\cucumber-gherkin-messages\6.6.0\cucumber-gherkin-messages-6.6.0.jar;C:\Users\User\.m2\repository\io\cucumber\messages\13.0.1\messages-13.0.1.jar;C:\Users\User\.m2\repository\io\cucumber\tag-expressions\3.0.0\tag-expressions-3.0.0.jar;C:\Users\User\.m2\repository\io\cucumber\cucumber-expressions\10.3.0\cucumber-expressions-10.3.0.jar;C:\Users\User\.m2\repository\io\cucumber\datatable\3.4.0\datatable-3.4.0.jar;C:\Users\User\.m2\repository\io\cucumber\cucumber-plugin\6.6.0\cucumber-plugin-6.6.0.jar;C:\Users\User\.m2\repository\io\cucumber\docstring\6.6.0\docstring-6.6.0.jar;C:\Users\User\.m2\repository\io\cucumber\html-formatter\9.0.0\html-formatter-9.0.0.jar;C:\Users\User\.m2\repository\io\cucumber\create-meta\2.0.1\create-meta-2.0.1.jar;C:\Users\User\.m2\repository\org\apiguardian\apiguardian-api\1.1.0\apiguardian-api-1.1.0.jar;C:\Users\User\.m2\repository\io\cucumber\cucumber-junit\6.6.0\cucumber-junit-6.6.0.jar;C:\Users\User\.m2\repository\junit\junit\4.13\junit-4.13.jar;C:\Users\User\.m2\repository\org\hamcrest\hamcrest-core\1.3\hamcrest-core-1.3.jar;"/>
    <property name="sun.cpu.endian" value="little"/>
    <property name="user.home" value="C:\Users\User"/>
    <property name="user.language" value="en"/>
    <property name="java.specification.vendor" value="Oracle Corporation"/>
    <property name="java.home" value="C:\Program Files (x86)\Java\jdk1.8.0_211\jre"/>
    <property name="basedir" value="C:\Users\User\Desktop\ComputerDataBaseDemoProject"/>
    <property name="file.separator" value="\"/>
    <property name="line.separator" value="&#10;"/>
    <property name="java.vm.specification.vendor" value="Oracle Corporation"/>
    <property name="java.specification.name" value="Java Platform API Specification"/>
    <property name="java.awt.graphicsenv" value="sun.awt.Win32GraphicsEnvironment"/>
    <property name="surefire.real.class.path" value="C:\Users\User\AppData\Local\Temp\surefire4038805914163073640\surefirebooter215693767589808673.jar"/>
    <property name="sun.boot.class.path" value="C:\Program Files (x86)\Java\jdk1.8.0_211\jre\lib\resources.jar;C:\Program Files (x86)\Java\jdk1.8.0_211\jre\lib\rt.jar;C:\Program Files (x86)\Java\jdk1.8.0_211\jre\lib\sunrsasign.jar;C:\Program Files (x86)\Java\jdk1.8.0_211\jre\lib\jsse.jar;C:\Program Files (x86)\Java\jdk1.8.0_211\jre\lib\jce.jar;C:\Program Files (x86)\Java\jdk1.8.0_211\jre\lib\charsets.jar;C:\Program Files (x86)\Java\jdk1.8.0_211\jre\lib\jfr.jar;C:\Program Files (x86)\Java\jdk1.8.0_211\jre\classes"/>
    <property name="user.script" value=""/>
    <property name="sun.management.compiler" value="HotSpot Client Compiler"/>
    <property name="java.runtime.version" value="1.8.0_211-b12"/>
    <property name="user.name" value="User"/>
    <property name="path.separator" value=";"/>
    <property name="os.version" value="10.0"/>
    <property name="java.endorsed.dirs" value="C:\Program Files (x86)\Java\jdk1.8.0_211\jre\lib\endorsed"/>
    <property name="java.runtime.name" value="Java(TM) SE Runtime Environment"/>
    <property name="file.encoding" value="Cp1252"/>
    <property name="java.vm.name" value="Java HotSpot(TM) Client VM"/>
    <property name="localRepository" value="C:\Users\User\.m2\repository"/>
    <property name="java.vendor.url.bug" value="http://bugreport.sun.com/bugreport/"/>
    <property name="java.io.tmpdir" value="C:\Users\User\AppData\Local\Temp\"/>
    <property name="java.version" value="1.8.0_211"/>
    <property name="user.dir" value="C:\Users\User\Desktop\ComputerDataBaseDemoProject"/>
    <property name="os.arch" value="x86"/>
    <property name="java.vm.specification.name" value="Java Virtual Machine Specification"/>
    <property name="java.awt.printerjob" value="sun.awt.windows.WPrinterJob"/>
    <property name="sun.os.patch.level" value=""/>
    <property name="java.library.path" value="C:\Program Files (x86)\Java\jdk1.8.0_211\jre\bin;C:\WINDOWS\Sun\Java\bin;C:\WINDOWS\system32;C:\WINDOWS;C:\Program Files (x86)\Common Files\Oracle\Java\javapath;C:\Program Files (x86)\Intel\iCLS Client\;C:\Program Files\Intel\iCLS Client\;C:\WINDOWS\system32;C:\WINDOWS;C:\WINDOWS\System32\Wbem;C:\WINDOWS\System32\WindowsPowerShell\v1.0\;C:\Program Files (x86)\Intel\Intel(R) Management Engine Components\DAL;C:\Program Files\Intel\Intel(R) Management Engine Components\DAL;C:\Program Files (x86)\Intel\Intel(R) Management Engine Components\IPT;C:\Program Files\Intel\Intel(R) Management Engine Components\IPT;C:\WINDOWS\System32\OpenSSH\;C:\apache-maven-3.6.1\bin;C:\Program Files (x86)\Java\jdk1.8.0_211\bin;C:\Users\User\Desktop\android-sdk\tools;C:\Users\User\Desktop\android-sdk\platform-tools;C:\Program Files\Git\cmd;C:\Program Files\Docker\Docker\resources\bin;C:\ProgramData\DockerDesktop\version-bin;C:\Users\User\AppData\Roaming\Microsoft\Windows\Start Menu\Programs\Python 3.8;C:\Program Files\nodejs\;C:\Program Files (x86)\Brackets\command;C:\Users\User\AppData\Local\Programs\Python\Python38-32\Scripts\;C:\Users\User\AppData\Local\Programs\Python\Python38-32\;C:\Program Files (x86)\Java\jdk1.8.0_211\bin;C:\Program Files\JetBrains\IntelliJ IDEA Community Edition 2019.1.3\New folder\IntelliJ IDEA Community Edition 2019.1.3\bin;;C:\Users\User\AppData\Roaming\Dashlane\6.1940.1.24013\bin\Firefox_Extension\{442718d9-475e-452a-b3e1-fb1ee16b8e9f}\components;C:\Users\User\AppData\Roaming\Dashlane\6.1940.1.24013\ucrt;C:\Users\User\AppData\Roaming\Dashlane\6.1940.1.24013\bin\Qt;C:\Users\User\AppData\Roaming\Dashlane\6.1940.1.24013\ucrt;C:\Users\User\AppData\Roaming\Dashlane\6.1940.1.24013\bin\Ssl;C:\Program Files\Docker Toolbox;C:\Users\User\AppData\Local\Microsoft\WindowsApps;C:\Users\User\AppData\Roaming\npm;."/>
    <property name="java.vm.info" value="mixed mode"/>
    <property name="java.vendor" value="Oracle Corporation"/>
    <property name="java.vm.version" value="25.211-b12"/>
    <property name="java.ext.dirs" value="C:\Program Files (x86)\Java\jdk1.8.0_211\jre\lib\ext;C:\WINDOWS\Sun\Java\lib\ext"/>
    <property name="sun.io.unicode.encoding" value="UnicodeLittle"/>
    <property name="java.class.version" value="52.0"/>
  </properties>
  <testcase name="User successfully landing main page" classname="Computer Data Base Create, Update, Read and Delete Operations" time="9.72"/>
  <testcase name="User should be able to successfully create computer" classname="Computer Data Base Create, Update, Read and Delete Operations" time="19.028">
    <failure message="------Nothing to display-----" type="java.lang.AssertionError">java.lang.AssertionError: ------Nothing to display-----
</failure>
    <system-out><![CDATA[
@computer_data @create
Scenario: User should be able to successfully create computer                                                                                     &amp#27;[90m# src/test/resources/features/Computer.feature:13&amp#27;[0m
  &amp#27;[32mGiven &amp#27;[0m&amp#27;[32muser go to main page&amp#27;[0m                                                                                                                      &amp#27;[90m# com.computer_db.step_definitions.ComputerStepDefinitions.user_go_to_main_page()&amp#27;[0m
  &amp#27;[32mWhen &amp#27;[0m&amp#27;[32muser click Add new computer button&amp#27;[0m                                                                                                         &amp#27;[90m# com.computer_db.step_definitions.ComputerStepDefinitions.user_click_add_new_computer_button()&amp#27;[0m
  &amp#27;[32mAnd &amp#27;[0m&amp#27;[32mVerify add computer page title &amp#27;[0m&amp#27;[32m&amp#27;[1m"Computers database"&amp#27;[0m                                                                                         &amp#27;[90m# com.computer_db.step_definitions.ComputerStepDefinitions.verify_add_computer_page(java.lang.String)&amp#27;[0m
  &amp#27;[32mWhen &amp#27;[0m&amp#27;[32muser enter computer name &amp#27;[0m&amp#27;[32m&amp#27;[1m"Asus 3446W"&amp#27;[0m&amp#27;[32m, Introduced &amp#27;[0m&amp#27;[32m&amp#27;[1m"2020-07-01"&amp#27;[0m&amp#27;[32m, Discontinued &amp#27;[0m&amp#27;[32m&amp#27;[1m"2020-09-01"&amp#27;[0m&amp#27;[32m, Company &amp#27;[0m&amp#27;[32m&amp#27;[1m"ASUS"&amp#27;[0m&amp#27;[32m and click Create computer button&amp#27;[0m &amp#27;[90m# com.computer_db.step_definitions.ComputerStepDefinitions.user_enter_computer_name_introduced_discontinued_company_and_click_create_computer_button(java.lang.String,java.lang.String,java.lang.String,java.lang.String)&amp#27;[0m
  &amp#27;[32mAnd &amp#27;[0m&amp#27;[32muser enter computer name &amp#27;[0m&amp#27;[32m&amp#27;[1m"Asus 3446W"&amp#27;[0m&amp#27;[32m Filter by name input box and click search button&amp#27;[0m                                                      &amp#27;[90m# com.computer_db.step_definitions.ComputerStepDefinitions.user_enter_computer_name_filter_by_name_input_box_and_click_search_button(java.lang.String)&amp#27;[0m
  &amp#27;[31mThen &amp#27;[0m&amp#27;[31mverify that computer name &amp#27;[0m&amp#27;[31m&amp#27;[1m"Asus 3446W"&amp#27;[0m&amp#27;[31m in the result table&amp#27;[0m                                                                                 &amp#27;[90m# com.computer_db.step_definitions.ComputerStepDefinitions.verify_that_computer_name_introduced_discontinued_company_in_the_result_table(java.lang.String)&amp#27;[0m
      &amp#27;[31mjava.lang.AssertionError: ------Nothing to display-----
	at org.junit.Assert.fail(Assert.java:89)
	at com.computer_db.step_definitions.ComputerStepDefinitions.verify_that_computer_name_introduced_discontinued_company_in_the_result_table(ComputerStepDefinitions.java:55)
	at âœ½.verify that computer name "Asus 3446W" in the result table(file:///C:/Users/User/Desktop/ComputerDataBaseDemoProject/src/test/resources/features/Computer.feature:18)
&amp#27;[0m

    Embedding screenshot [image/png 25521 bytes]

]]></system-out>
    <system-err><![CDATA[Starting ChromeDriver 85.0.4183.87 (cd6713ebf92fa1cacc0f1a598df280093af0c5d7-refs/branch-heads/4183@{#1689}) on port 23653
Only local connections are allowed.
Please see https://chromedriver.chromium.org/security-considerations for suggestions on keeping ChromeDriver safe.
ChromeDriver was started successfully.
Sep 17, 2020 2:12:05 AM org.openqa.selenium.remote.ProtocolHandshake createSession
INFO: Detected dialect: W3C
]]></system-err>
  </testcase>
  <testcase name="User should be able to check a computer name details in the result table" classname="Computer Data Base Create, Update, Read and Delete Operations" time="17.582">
    <failure message="------Nothing to display-----" type="java.lang.AssertionError">java.lang.AssertionError: ------Nothing to display-----
</failure>
    <system-out><![CDATA[
@computer_data @read
Scenario: User should be able to check a computer name details in the result table             &amp#27;[90m# src/test/resources/features/Computer.feature:21&amp#27;[0m
  &amp#27;[32mGiven &amp#27;[0m&amp#27;[32muser go to main page&amp#27;[0m                                                                   &amp#27;[90m# com.computer_db.step_definitions.ComputerStepDefinitions.user_go_to_main_page()&amp#27;[0m
  &amp#27;[32mAnd &amp#27;[0m&amp#27;[32muser enter computer name &amp#27;[0m&amp#27;[32m&amp#27;[1m"Acer Extensa"&amp#27;[0m&amp#27;[32m Filter by name input box and click search button&amp#27;[0m &amp#27;[90m# com.computer_db.step_definitions.ComputerStepDefinitions.user_enter_computer_name_filter_by_name_input_box_and_click_search_button(java.lang.String)&amp#27;[0m
  &amp#27;[32mWhen &amp#27;[0m&amp#27;[32muser click computer name &amp#27;[0m&amp#27;[32m&amp#27;[1m"Acer Extensa"&amp#27;[0m                                                 &amp#27;[90m# com.computer_db.step_definitions.ComputerStepDefinitions.userClickComputerName(java.lang.String)&amp#27;[0m
  &amp#27;[31mThen &amp#27;[0m&amp#27;[31mverify that computer name &amp#27;[0m&amp#27;[31m&amp#27;[1m"Acer Extensa"&amp#27;[0m&amp#27;[31m in the result table&amp#27;[0m                            &amp#27;[90m# com.computer_db.step_definitions.ComputerStepDefinitions.verify_that_computer_name_introduced_discontinued_company_in_the_result_table(java.lang.String)&amp#27;[0m
      &amp#27;[31mjava.lang.AssertionError: ------Nothing to display-----
	at org.junit.Assert.fail(Assert.java:89)
	at com.computer_db.step_definitions.ComputerStepDefinitions.verify_that_computer_name_introduced_discontinued_company_in_the_result_table(ComputerStepDefinitions.java:55)
	at âœ½.verify that computer name "Acer Extensa" in the result table(file:///C:/Users/User/Desktop/ComputerDataBaseDemoProject/src/test/resources/features/Computer.feature:24)
&amp#27;[0m

    Embedding screenshot [image/png 32423 bytes]

]]></system-out>
    <system-err><![CDATA[Starting ChromeDriver 85.0.4183.87 (cd6713ebf92fa1cacc0f1a598df280093af0c5d7-refs/branch-heads/4183@{#1689}) on port 35774
Only local connections are allowed.
Please see https://chromedriver.chromium.org/security-considerations for suggestions on keeping ChromeDriver safe.
ChromeDriver was started successfully.
Sep 17, 2020 2:12:24 AM org.openqa.selenium.remote.ProtocolHandshake createSession
INFO: Detected dialect: W3C
]]></system-err>
  </testcase>
  <testcase name="User should be able to update a computer name" classname="Computer Data Base Create, Update, Read and Delete Operations" time="17.925">
    <failure message="----Nothing to display-----" type="java.lang.AssertionError">java.lang.AssertionError: ----Nothing to display-----
</failure>
    <system-out><![CDATA[
@computer_data @update
Scenario: User should be able to update a computer name                                    &amp#27;[90m# src/test/resources/features/Computer.feature:27&amp#27;[0m
  &amp#27;[32mGiven &amp#27;[0m&amp#27;[32muser go to main page&amp#27;[0m                                                               &amp#27;[90m# com.computer_db.step_definitions.ComputerStepDefinitions.user_go_to_main_page()&amp#27;[0m
  &amp#27;[32mWhen &amp#27;[0m&amp#27;[32muser click computer name &amp#27;[0m&amp#27;[32m&amp#27;[1m"Acer Extensa"&amp#27;[0m                                             &amp#27;[90m# com.computer_db.step_definitions.ComputerStepDefinitions.userClickComputerName(java.lang.String)&amp#27;[0m
  &amp#27;[32mAnd &amp#27;[0m&amp#27;[32muser enter &amp#27;[0m&amp#27;[32m&amp#27;[1m"name"&amp#27;[0m&amp#27;[32m, &amp#27;[0m&amp#27;[32m&amp#27;[1m"Acer XRT"&amp#27;[0m&amp#27;[32m value&amp#27;[0m                                                  &amp#27;[90m# com.computer_db.step_definitions.ComputerStepDefinitions.userEnterValue(java.lang.String,java.lang.String)&amp#27;[0m
  &amp#27;[32mAnd &amp#27;[0m&amp#27;[32muser click Save this computer button&amp#27;[0m                                                 &amp#27;[90m# com.computer_db.step_definitions.ComputerStepDefinitions.userClickSaveThisComputerButton()&amp#27;[0m
  &amp#27;[32mAnd &amp#27;[0m&amp#27;[32muser enter computer name &amp#27;[0m&amp#27;[32m&amp#27;[1m"Acer XRT"&amp#27;[0m&amp#27;[32m Filter by name input box and click search button&amp#27;[0m &amp#27;[90m# com.computer_db.step_definitions.ComputerStepDefinitions.user_enter_computer_name_filter_by_name_input_box_and_click_search_button(java.lang.String)&amp#27;[0m
  &amp#27;[31mThen &amp#27;[0m&amp#27;[31muser verify computer name &amp#27;[0m&amp#27;[31m&amp#27;[1m"Acer XRT"&amp#27;[0m&amp#27;[31m update in the table&amp#27;[0m                            &amp#27;[90m# com.computer_db.step_definitions.ComputerStepDefinitions.userVerifyComputerNameUpdateInTheTable(java.lang.String)&amp#27;[0m
      &amp#27;[31mjava.lang.AssertionError: ----Nothing to display-----
	at org.junit.Assert.fail(Assert.java:89)
	at com.computer_db.step_definitions.ComputerStepDefinitions.userVerifyComputerNameUpdateInTheTable(ComputerStepDefinitions.java:76)
	at âœ½.user verify computer name "Acer XRT" update in the table(file:///C:/Users/User/Desktop/ComputerDataBaseDemoProject/src/test/resources/features/Computer.feature:32)
&amp#27;[0m

    Embedding screenshot [image/png 25188 bytes]

]]></system-out>
    <system-err><![CDATA[Starting ChromeDriver 85.0.4183.87 (cd6713ebf92fa1cacc0f1a598df280093af0c5d7-refs/branch-heads/4183@{#1689}) on port 40346
Only local connections are allowed.
Please see https://chromedriver.chromium.org/security-considerations for suggestions on keeping ChromeDriver safe.
ChromeDriver was started successfully.
Sep 17, 2020 2:12:41 AM org.openqa.selenium.remote.ProtocolHandshake createSession
INFO: Detected dialect: W3C
]]></system-err>
  </testcase>
  <testcase name="User should be able to delete a computer data" classname="Computer Data Base Create, Update, Read and Delete Operations" time="7.706">
    <failure type="java.lang.AssertionError">java.lang.AssertionError
</failure>
    <system-out><![CDATA[
@computer_data @delete
Scenario: User should be able to delete a computer data                                        &amp#27;[90m# src/test/resources/features/Computer.feature:35&amp#27;[0m
  &amp#27;[32mGiven &amp#27;[0m&amp#27;[32muser go to main page&amp#27;[0m                                                                   &amp#27;[90m# com.computer_db.step_definitions.ComputerStepDefinitions.user_go_to_main_page()&amp#27;[0m
  &amp#27;[32mWhen &amp#27;[0m&amp#27;[32muser click computer name &amp#27;[0m&amp#27;[32m&amp#27;[1m"Acer Extensa"&amp#27;[0m                                                 &amp#27;[90m# com.computer_db.step_definitions.ComputerStepDefinitions.userClickComputerName(java.lang.String)&amp#27;[0m
  &amp#27;[32mAnd &amp#27;[0m&amp#27;[32muser click delete this computer button&amp#27;[0m                                                   &amp#27;[90m# com.computer_db.step_definitions.ComputerStepDefinitions.userClickDeleteThisComputerButton()&amp#27;[0m
  &amp#27;[32mAnd &amp#27;[0m&amp#27;[32muser enter computer name &amp#27;[0m&amp#27;[32m&amp#27;[1m"Acer Extensa"&amp#27;[0m&amp#27;[32m Filter by name input box and click search button&amp#27;[0m &amp#27;[90m# com.computer_db.step_definitions.ComputerStepDefinitions.user_enter_computer_name_filter_by_name_input_box_and_click_search_button(java.lang.String)&amp#27;[0m
  &amp#27;[31mThen &amp#27;[0m&amp#27;[31mverify that computer name &amp#27;[0m&amp#27;[31m&amp#27;[1m"Acer Extensa"&amp#27;[0m&amp#27;[31m not in the result table&amp#27;[0m                        &amp#27;[90m# com.computer_db.step_definitions.ComputerStepDefinitions.verifyThatComputerNameNotInTheResultTable(java.lang.String)&amp#27;[0m
      &amp#27;[31mjava.lang.AssertionError
	at org.junit.Assert.fail(Assert.java:87)
	at org.junit.Assert.assertTrue(Assert.java:42)
	at org.junit.Assert.assertFalse(Assert.java:65)
	at org.junit.Assert.assertFalse(Assert.java:75)
	at com.computer_db.step_definitions.ComputerStepDefinitions.verifyThatComputerNameNotInTheResultTable(ComputerStepDefinitions.java:93)
	at âœ½.verify that computer name "Acer Extensa" not in the result table(file:///C:/Users/User/Desktop/ComputerDataBaseDemoProject/src/test/resources/features/Computer.feature:39)
&amp#27;[0m

    Embedding screenshot [image/png 31725 bytes]

]]></system-out>
    <system-err><![CDATA[Starting ChromeDriver 85.0.4183.87 (cd6713ebf92fa1cacc0f1a598df280093af0c5d7-refs/branch-heads/4183@{#1689}) on port 5529
Only local connections are allowed.
Please see https://chromedriver.chromium.org/security-considerations for suggestions on keeping ChromeDriver safe.
ChromeDriver was started successfully.
Sep 17, 2020 2:12:59 AM org.openqa.selenium.remote.ProtocolHandshake createSession
INFO: Detected dialect: W3C
]]></system-err>
  </testcase>
  <testcase name="User not should be able to create same computer as a duplicate" classname="Computer Data Base Create, Update, Read and Delete Operations" time="19.161">
    <failure message="----Nothing to display-----" type="java.lang.AssertionError">java.lang.AssertionError: ----Nothing to display-----
</failure>
    <system-out><![CDATA[
@computer_data @duplicate
Scenario: User not should be able to create same computer as a duplicate                                                                           &amp#27;[90m# src/test/resources/features/Computer.feature:42&amp#27;[0m
  &amp#27;[32mGiven &amp#27;[0m&amp#27;[32muser go to main page&amp#27;[0m                                                                                                                       &amp#27;[90m# com.computer_db.step_definitions.ComputerStepDefinitions.user_go_to_main_page()&amp#27;[0m
  &amp#27;[32mWhen &amp#27;[0m&amp#27;[32muser click Add new computer button&amp#27;[0m                                                                                                          &amp#27;[90m# com.computer_db.step_definitions.ComputerStepDefinitions.user_click_add_new_computer_button()&amp#27;[0m
  &amp#27;[32mAnd &amp#27;[0m&amp#27;[32mVerify add computer page title &amp#27;[0m&amp#27;[32m&amp#27;[1m"Computers database"&amp#27;[0m                                                                                          &amp#27;[90m# com.computer_db.step_definitions.ComputerStepDefinitions.verify_add_computer_page(java.lang.String)&amp#27;[0m
  &amp#27;[32mWhen &amp#27;[0m&amp#27;[32muser enter computer name &amp#27;[0m&amp#27;[32m&amp#27;[1m"Huwai 1001"&amp#27;[0m&amp#27;[32m, Introduced &amp#27;[0m&amp#27;[32m&amp#27;[1m"2016-01-01"&amp#27;[0m&amp#27;[32m, Discontinued &amp#27;[0m&amp#27;[32m&amp#27;[1m"2019-09-01"&amp#27;[0m&amp#27;[32m, Company &amp#27;[0m&amp#27;[32m&amp#27;[1m"Sanyo"&amp#27;[0m&amp#27;[32m and click Create computer button&amp#27;[0m &amp#27;[90m# com.computer_db.step_definitions.ComputerStepDefinitions.user_enter_computer_name_introduced_discontinued_company_and_click_create_computer_button(java.lang.String,java.lang.String,java.lang.String,java.lang.String)&amp#27;[0m
  &amp#27;[32mWhen &amp#27;[0m&amp#27;[32muser click Add new computer button&amp#27;[0m                                                                                                          &amp#27;[90m# com.computer_db.step_definitions.ComputerStepDefinitions.user_click_add_new_computer_button()&amp#27;[0m
  &amp#27;[32mWhen &amp#27;[0m&amp#27;[32muser enter computer name &amp#27;[0m&amp#27;[32m&amp#27;[1m"Huwai 1001"&amp#27;[0m&amp#27;[32m, Introduced &amp#27;[0m&amp#27;[32m&amp#27;[1m"2016-01-01"&amp#27;[0m&amp#27;[32m, Discontinued &amp#27;[0m&amp#27;[32m&amp#27;[1m"2019-09-01"&amp#27;[0m&amp#27;[32m, Company &amp#27;[0m&amp#27;[32m&amp#27;[1m"Sanyo"&amp#27;[0m&amp#27;[32m and click Create computer button&amp#27;[0m &amp#27;[90m# com.computer_db.step_definitions.ComputerStepDefinitions.user_enter_computer_name_introduced_discontinued_company_and_click_create_computer_button(java.lang.String,java.lang.String,java.lang.String,java.lang.String)&amp#27;[0m
  &amp#27;[31mThen &amp#27;[0m&amp#27;[31mverify user shouldn't second duplicate computer name as a &amp#27;[0m&amp#27;[31m&amp#27;[1m"Huwai 1001"&amp#27;[0m                                                                      &amp#27;[90m# com.computer_db.step_definitions.ComputerStepDefinitions.verifyUserShouldnTSecondDuplicateComputerNameAsA(java.lang.String)&amp#27;[0m
      &amp#27;[31mjava.lang.AssertionError: ----Nothing to display-----
	at org.junit.Assert.fail(Assert.java:89)
	at com.computer_db.step_definitions.ComputerStepDefinitions.verifyUserShouldnTSecondDuplicateComputerNameAsA(ComputerStepDefinitions.java:104)
	at âœ½.verify user shouldn't second duplicate computer name as a "Huwai 1001"(file:///C:/Users/User/Desktop/ComputerDataBaseDemoProject/src/test/resources/features/Computer.feature:48)
&amp#27;[0m

    Embedding screenshot [image/png 46441 bytes]

]]></system-out>
    <system-err><![CDATA[Starting ChromeDriver 85.0.4183.87 (cd6713ebf92fa1cacc0f1a598df280093af0c5d7-refs/branch-heads/4183@{#1689}) on port 43218
Only local connections are allowed.
Please see https://chromedriver.chromium.org/security-considerations for suggestions on keeping ChromeDriver safe.
ChromeDriver was started successfully.
Sep 17, 2020 2:13:07 AM org.openqa.selenium.remote.ProtocolHandshake createSession
INFO: Detected dialect: W3C
]]></system-err>
  </testcase>
  <testcase name="User not able to create computer with invalid data blank computer name" classname="Computer Data Base Create, Update, Read and Delete Operations" time="8.412"/>
  <testcase name="User not able to create computer with invalid data invalid computer name" classname="Computer Data Base Create, Update, Read and Delete Operations" time="17.857">
    <failure message="Failed to refine type" type="java.lang.AssertionError">java.lang.AssertionError: Failed to refine type
</failure>
    <system-out><![CDATA[
@computer_data @negative_ddt
Scenario Outline: User not able to create computer with invalid data invalid computer name                                                         &amp#27;[90m# src/test/resources/features/Computer.feature:59&amp#27;[0m
  &amp#27;[32mGiven &amp#27;[0m&amp#27;[32muser go to main page&amp#27;[0m                                                                                                                       &amp#27;[90m# com.computer_db.step_definitions.ComputerStepDefinitions.user_go_to_main_page()&amp#27;[0m
  &amp#27;[32mWhen &amp#27;[0m&amp#27;[32muser click Add new computer button&amp#27;[0m                                                                                                          &amp#27;[90m# com.computer_db.step_definitions.ComputerStepDefinitions.user_click_add_new_computer_button()&amp#27;[0m
  &amp#27;[32mWhen &amp#27;[0m&amp#27;[32muser enter computer name &amp#27;[0m&amp#27;[32m&amp#27;[1m"!@#$%^145^%#"&amp#27;[0m&amp#27;[32m, Introduced &amp#27;[0m&amp#27;[32m&amp#27;[1m"2016-01-01"&amp#27;[0m&amp#27;[32m, Discontinued &amp#27;[0m&amp#27;[32m&amp#27;[1m"2019-09-01"&amp#27;[0m&amp#27;[32m, Company &amp#27;[0m&amp#27;[32m&amp#27;[1m"IBM"&amp#27;[0m&amp#27;[32m and click Create computer button&amp#27;[0m &amp#27;[90m# com.computer_db.step_definitions.ComputerStepDefinitions.user_enter_computer_name_introduced_discontinued_company_and_click_create_computer_button(java.lang.String,java.lang.String,java.lang.String,java.lang.String)&amp#27;[0m
  &amp#27;[31mThen &amp#27;[0m&amp#27;[31mverify &amp#27;[0m&amp#27;[31m&amp#27;[1m"Failed to refine type"&amp#27;[0m                                                                                                              &amp#27;[90m# com.computer_db.step_definitions.ComputerStepDefinitions.verify(java.lang.String)&amp#27;[0m
      &amp#27;[31mjava.lang.AssertionError: Failed to refine type
	at org.junit.Assert.fail(Assert.java:89)
	at com.computer_db.step_definitions.ComputerStepDefinitions.verify(ComputerStepDefinitions.java:117)
	at âœ½.verify "Failed to refine type"(file:///C:/Users/User/Desktop/ComputerDataBaseDemoProject/src/test/resources/features/Computer.feature:55)
&amp#27;[0m

    Embedding screenshot [image/png 47775 bytes]

]]></system-out>
    <system-err><![CDATA[Starting ChromeDriver 85.0.4183.87 (cd6713ebf92fa1cacc0f1a598df280093af0c5d7-refs/branch-heads/4183@{#1689}) on port 31933
Only local connections are allowed.
Please see https://chromedriver.chromium.org/security-considerations for suggestions on keeping ChromeDriver safe.
ChromeDriver was started successfully.
Sep 17, 2020 2:13:35 AM org.openqa.selenium.remote.ProtocolHandshake createSession
INFO: Detected dialect: W3C
]]></system-err>
  </testcase>
  <testcase name="User not able to create computer with invalid data invalid date" classname="Computer Data Base Create, Update, Read and Delete Operations" time="7.698"/>
  <testcase name="User should be able to cancel option during the create a computer" classname="Computer Data Base Create, Update, Read and Delete Operations" time="8.33"/>
  <testcase name="User should be able to cancel update a computer name" classname="Computer Data Base Create, Update, Read and Delete Operations" time="7.702"/>
  <testcase name="User should be able to check all order by ascending" classname="Computer Data Base Create, Update, Read and Delete Operations" time="7.754"/>
</testsuite>